<?xml version="1.0" encoding="UTF-8"?>
<!-- Generated by org.testng.reporters.JUnitXMLReporter -->
<testsuite ignored="2" hostname="sony-PC" failures="0" tests="6" name="Default test" time="523.364" errors="0" timestamp="2023-10-13T17:14:00 IST">
  <testcase classname="com.bestbuy.BestBuy_Test01" name="navigatingToWebsite" time="66.514"/>
  <testcase classname="com.bestbuy.BestBuy_Test01" name="validateTitleOfAllMenu" time="7.387"/>
  <testcase classname="com.bestbuy.BestBuy_Test01" name="validateBottomLinks" time="43.15"/>
  <testcase classname="com.bestbuy.BestBuy_Test01" name="shopByBrandMenu" time="199.057"/>
  <testcase classname="com.bestbuy.BestBuy_Test01" name="searchItemBar" time="67.578"/>
  <testcase classname="com.bestbuy.BestBuy_Test01" name="checkoutForm" time="71.955"/>
  <testcase classname="com.bestbuy.BestBuy_Test01" name="createAccountAndLogin" time="0.0">
    <ignored/>
  </testcase> <!-- createAccountAndLogin -->
  <testcase classname="com.bestbuy.BestBuy_Test01" name="shopByDeptMenu" time="0.0">
    <ignored/>
  </testcase> <!-- shopByDeptMenu -->
</testsuite> <!-- Default test -->
