<?xml version="1.0" encoding="UTF-8"?>
<testng-results ignored="2" total="8" passed="6" failed="0" skipped="0">
  <reporter-output>
  </reporter-output>
  <suite started-at="2023-10-13T17:05:17 IST" name="Default suite" finished-at="2023-10-13T17:14:00 IST" duration-ms="523364">
    <groups>
    </groups>
    <test started-at="2023-10-13T17:05:17 IST" name="Default test" finished-at="2023-10-13T17:14:00 IST" duration-ms="523364">
      <class name="com.bestbuy.BestBuy_Test01">
        <test-method is-config="true" signature="setUp()[pri:0, instance:com.bestbuy.BestBuy_Test01@67d48005]" started-at="2023-10-13T17:05:17 IST" name="setUp" finished-at="2023-10-13T17:06:15 IST" duration-ms="57840" status="PASS">
          <reporter-output>
          </reporter-output>
        </test-method> <!-- setUp -->
        <test-method is-config="true" signature="validateUrlIsNotBroken()[pri:0, instance:com.bestbuy.BestBuy_Test01@67d48005]" started-at="2023-10-13T17:06:15 IST" name="validateUrlIsNotBroken" finished-at="2023-10-13T17:06:25 IST" duration-ms="9771" status="PASS">
          <reporter-output>
          </reporter-output>
        </test-method> <!-- validateUrlIsNotBroken -->
        <test-method signature="navigatingToWebsite()[pri:0, instance:com.bestbuy.BestBuy_Test01@67d48005]" started-at="2023-10-13T17:06:25 IST" name="navigatingToWebsite" finished-at="2023-10-13T17:07:31 IST" duration-ms="66514" status="PASS">
          <reporter-output>
          </reporter-output>
        </test-method> <!-- navigatingToWebsite -->
        <test-method signature="validateTitleOfAllMenu()[pri:2, instance:com.bestbuy.BestBuy_Test01@67d48005]" started-at="2023-10-13T17:07:31 IST" name="validateTitleOfAllMenu" finished-at="2023-10-13T17:07:38 IST" duration-ms="7387" status="PASS">
          <reporter-output>
          </reporter-output>
        </test-method> <!-- validateTitleOfAllMenu -->
        <test-method signature="validateBottomLinks()[pri:3, instance:com.bestbuy.BestBuy_Test01@67d48005]" started-at="2023-10-13T17:07:38 IST" name="validateBottomLinks" finished-at="2023-10-13T17:08:22 IST" duration-ms="43150" status="PASS">
          <reporter-output>
          </reporter-output>
        </test-method> <!-- validateBottomLinks -->
        <test-method signature="shopByBrandMenu()[pri:5, instance:com.bestbuy.BestBuy_Test01@67d48005]" started-at="2023-10-13T17:08:22 IST" name="shopByBrandMenu" finished-at="2023-10-13T17:11:41 IST" duration-ms="199057" status="PASS">
          <reporter-output>
          </reporter-output>
        </test-method> <!-- shopByBrandMenu -->
        <test-method signature="searchItemBar()[pri:6, instance:com.bestbuy.BestBuy_Test01@67d48005]" started-at="2023-10-13T17:11:41 IST" name="searchItemBar" finished-at="2023-10-13T17:12:48 IST" duration-ms="67578" status="PASS">
          <reporter-output>
          </reporter-output>
        </test-method> <!-- searchItemBar -->
        <test-method signature="checkoutForm()[pri:7, instance:com.bestbuy.BestBuy_Test01@67d48005]" started-at="2023-10-13T17:12:48 IST" name="checkoutForm" finished-at="2023-10-13T17:14:00 IST" duration-ms="71955" status="PASS">
          <reporter-output>
          </reporter-output>
        </test-method> <!-- checkoutForm -->
        <test-method is-config="true" signature="tearDown()[pri:0, instance:com.bestbuy.BestBuy_Test01@67d48005]" started-at="2023-10-13T17:14:00 IST" name="tearDown" finished-at="2023-10-13T17:14:00 IST" duration-ms="1" status="PASS">
          <reporter-output>
          </reporter-output>
        </test-method> <!-- tearDown -->
      </class> <!-- com.bestbuy.BestBuy_Test01 -->
    </test> <!-- Default test -->
  </suite> <!-- Default suite -->
</testng-results>
